<?xml version="1.0" encoding="UTF-8"?>
<testsuite xmlns:xsi="http://www.w3.org/2001/XMLSchema-instance" xsi:noNamespaceSchemaLocation="https://maven.apache.org/surefire/maven-surefire-plugin/xsd/surefire-test-report-3.0.xsd" version="3.0" name="io.github.calvinkeum.lotrsdk.resources.MoviesTest" time="0" tests="5" errors="0" skipped="0" failures="0">
  <properties>
[...]
</properties>
  <testcase name="testGetMovieById_ValidMovieId" classname="io.github.calvinkeum.lotrsdk.resources.MoviesTest" time="0"/>
  <testcase name="testGetMovieById_InvalidMovieId" classname="io.github.calvinkeum.lotrsdk.resources.MoviesTest" time="0"/>
  <testcase name="testGetMovieQuotes_InvalidMovieId" classname="io.github.calvinkeum.lotrsdk.resources.MoviesTest" time="0"/>
  <testcase name="testGetMovieQuotes_Success" classname="io.github.calvinkeum.lotrsdk.resources.MoviesTest" time="0"/>
  <testcase name="testGetAllMovies_Success" classname="io.github.calvinkeum.lotrsdk.resources.MoviesTest" time="0"/>
</testsuite>